Flutter crash report.
Please report a bug at https://github.com/flutter/flutter/issues.

## command

flutter build apk --release

## exception

ProcessException: ProcessException: Process exited abnormally with exit code 1:

Welcome to Gradle 8.5!

Here are the highlights of this release:
 - Support for running on Java 21
 - Faster first use with Kotlin DSL
 - Improved error and warning messages

For more details see https://docs.gradle.org/8.5/release-notes.html



FAILURE: Build failed with an exception.

* What went wrong:
Cannot locate tasks that match 'app:tasks' as project 'app' not found in root project 'android'.

* Try:
> Run gradlew projects to get a list of available projects.
> For more on name expansion, please refer to https://docs.gradle.org/8.5/userguide/command_line_interface.html#sec:name_abbreviation in the Gradle documentation.
> Run with --stacktrace option to get the stack trace.
> Run with --info or --debug option to get more log output.
> Run with --scan to get full insights.
> Get more help at https://help.gradle.org.

BUILD FAILED in 2s
  Command: E:\desktop2\food\android\gradlew.bat app:tasks --all --console=auto

```
#0      RunResult.throwException (package:flutter_tools/src/base/process.dart:153:5)
#1      _DefaultProcessUtils.run (package:flutter_tools/src/base/process.dart:379:19)
<asynchronous suspension>
#2      flavorUndefinedHandler.<anonymous closure> (package:flutter_tools/src/android/gradle_errors.dart:230:38)
<asynchronous suspension>
#3      AndroidGradleBuilder._runGradleTask (package:flutter_tools/src/android/gradle.dart:374:40)
<asynchronous suspension>
#4      AndroidGradleBuilder.buildGradleApp (package:flutter_tools/src/android/gradle.dart:569:26)
<asynchronous suspension>
#5      AndroidGradleBuilder.buildApk (package:flutter_tools/src/android/gradle.dart:234:5)
<asynchronous suspension>
#6      BuildApkCommand.runCommand (package:flutter_tools/src/commands/build_apk.dart:131:5)
<asynchronous suspension>
#7      FlutterCommand.run.<anonymous closure> (package:flutter_tools/src/runner/flutter_command.dart:1559:27)
<asynchronous suspension>
#8      AppContext.run.<anonymous closure> (package:flutter_tools/src/base/context.dart:154:19)
<asynchronous suspension>
#9      CommandRunner.runCommand (package:args/command_runner.dart:212:13)
<asynchronous suspension>
#10     FlutterCommandRunner.runCommand.<anonymous closure> (package:flutter_tools/src/runner/flutter_command_runner.dart:487:9)
<asynchronous suspension>
#11     AppContext.run.<anonymous closure> (package:flutter_tools/src/base/context.dart:154:19)
<asynchronous suspension>
#12     FlutterCommandRunner.runCommand (package:flutter_tools/src/runner/flutter_command_runner.dart:422:5)
<asynchronous suspension>
#13     run.<anonymous closure>.<anonymous closure> (package:flutter_tools/runner.dart:104:11)
<asynchronous suspension>
#14     AppContext.run.<anonymous closure> (package:flutter_tools/src/base/context.dart:154:19)
<asynchronous suspension>
#15     main (package:flutter_tools/executable.dart:103:3)
<asynchronous suspension>
```

## flutter doctor

```
[33m[!][39m Flutter (Channel stable, 3.38.2, on Microsoft Windows [Version 10.0.19045.6456], locale ru-RU) [485ms]
    [32m•[39m Flutter version 3.38.2 on channel stable at E:\desktop2\flutter
    [33m![39m Warning: `flutter` on your path resolves to C:\Users\Elizaveta\Desktop\mobil\flutter\bin\flutter,
      which is not inside your current Flutter SDK checkout at E:\desktop2\flutter. Consider adding
      E:\desktop2\flutter\bin to the front of your path.
    [33m![39m Warning: `dart` on your path resolves to C:\Users\Elizaveta\Desktop\mobil\flutter\bin\dart, which is
      not inside your current Flutter SDK checkout at E:\desktop2\flutter. Consider adding
      E:\desktop2\flutter\bin to the front of your path.
    [32m•[39m Upstream repository https://github.com/flutter/flutter.git
    [32m•[39m Framework revision f5a8537f90 (3 days ago), 2025-11-18 09:27:21 -0500
    [32m•[39m Engine revision b5990e5ccc
    [32m•[39m Dart version 3.10.0
    [32m•[39m DevTools version 2.51.1
    [32m•[39m Feature flags: enable-web, enable-linux-desktop, enable-macos-desktop, enable-windows-desktop,
      enable-android, enable-ios, cli-animations, enable-native-assets, omit-legacy-version-file,
      enable-lldb-debugging
    [32m•[39m If those were intentional, you can disregard the above warnings; however it is recommended to use
      "git" directly to perform update checks and upgrades.

[32m[✓][39m Windows Version (Њ ©Єа®б®дв Windows 10 Pro 64-а §ап¤­ п, 22H2, 2009) [2,1s]

[32m[✓][39m Android toolchain - develop for Android devices (Android SDK version 36.1.0) [64,7s]
    [32m•[39m Android SDK at C:\Users\Elizaveta\AppData\Local
    [32m•[39m Emulator version 36.1.9.0 (build_id 13823996) (CL:N/A)
    [32m•[39m Platform android-36, build-tools 36.1.0
    [32m•[39m Java binary at: C:\Program Files\Android\Android Studio\jbr\bin\java
      This is the JDK bundled with the latest Android Studio installation on this machine.
      To manually set the JDK path, use: `flutter config --jdk-dir="path/to/jdk"`.
    [32m•[39m Java version OpenJDK Runtime Environment (build 21.0.7+-13880790-b1038.58)
    [32m•[39m All Android licenses accepted.

[31m[✗][39m Chrome - develop for the web (Cannot find Chrome executable at .\Google\Chrome\Application\chrome.exe)
    [17ms]
    [33m![39m Cannot find Chrome. Try setting CHROME_EXECUTABLE to a Chrome executable.

[31m[✗][39m Visual Studio - develop Windows apps [15ms]
    [31m✗[39m Visual Studio not installed; this is necessary to develop Windows apps.
      Download at https://visualstudio.microsoft.com/downloads/.
      Please install the "Desktop development with C++" workload, including all of its default components

[32m[✓][39m Connected device (3 available) [576ms]
    [32m•[39m 24117RN76O (mobile) • zxpb5xmfp7x49xzp • android-arm64  • Android 15 (API 35)
    [32m•[39m Windows (desktop)   • windows          • windows-x64    • Microsoft Windows [Version 10.0.19045.6456]
    [32m•[39m Edge (web)          • edge             • web-javascript • Microsoft Edge 142.0.3595.90

[32m[✓][39m Network resources [874ms]
    [32m•[39m All expected network resources are available.

[33m![39m Doctor found issues in 3 categories.
```
